<?xml version="1.0" encoding="UTF-8"?>
<!-- Generated by org.testng.reporters.JUnitReportReporter -->
<testsuite skipped="0" hostname="DESKTOP-SHH2K20" name="TestMaven.MavenTest" tests="3" failures="0" timestamp="02 Mar 2024 16:49:15 GMT" time="0.016" errors="0">
  <testcase name="test2" time="0.000" classname="TestMaven.MavenTest"/>
  <testcase name="test3" time="0.000" classname="TestMaven.MavenTest"/>
  <testcase name="test1" time="0.016" classname="TestMaven.MavenTest"/>
</testsuite> <!-- TestMaven.MavenTest -->
